
2022/07/31 (16:08:36) | ===> btop++ v.1.2.8
2022/07/31 (16:08:36) | WARNING: Failed to set locale en_US.UTF-8 continuing anyway.

2022/07/31 (16:10:54) | ===> btop++ v.1.2.8
2022/07/31 (16:10:54) | WARNING: Failed to set locale en_US.UTF-8 continuing anyway.
2022/07/31 (16:10:54) | ERROR: No tty detected!
btop++ needs an interactive shell to run.

2022/07/31 (16:11:04) | ===> btop++ v.1.2.8
2022/07/31 (16:11:04) | WARNING: Failed to set locale en_US.UTF-8 continuing anyway.

2022/07/31 (16:15:59) | ===> btop++ v.1.2.8
2022/07/31 (16:15:59) | WARNING: Failed to set locale en_US.UTF-8 continuing anyway.

2022/07/31 (21:30:47) | ===> btop++ v.1.2.8
2022/07/31 (21:30:47) | WARNING: Failed to set locale en_US.UTF-8 continuing anyway.

2022/08/01 (16:43:05) | ===> btop++ v.1.2.8
2022/08/01 (16:43:05) | WARNING: Failed to set locale en_US.UTF-8 continuing anyway.

2022/08/01 (17:39:06) | ===> btop++ v.1.2.8
2022/08/01 (17:39:06) | WARNING: Failed to set locale en_US.UTF-8 continuing anyway.

2022/08/01 (21:07:09) | ===> btop++ v.1.2.8
2022/08/01 (21:07:09) | WARNING: Failed to set locale en_US.UTF-8 continuing anyway.

2022/08/03 (01:10:17) | ===> btop++ v.1.2.8
2022/08/03 (01:10:17) | WARNING: Failed to set locale en_US.UTF-8 continuing anyway.

2022/09/03 (16:40:38) | ===> btop++ v.1.2.8
2022/09/03 (16:40:38) | ERROR: Stall in Runner thread, restarting!

2023/02/20 (14:55:05) | ===> btop++ v.1.2.13
2023/02/20 (14:55:06) | ERROR: Stall in Runner thread, restarting!
2023/02/20 (18:31:33) | ERROR: Stall in Runner thread, restarting!
2023/02/20 (18:31:58) | ERROR: Stall in Runner thread, restarting!

2024/06/09 (01:42:19) | ===> btop++ v.1.3.2
2024/06/09 (01:42:19) | ERROR: Stall in Runner thread, restarting!
2024/06/09 (01:43:48) | ERROR: Stall in Runner thread, restarting!
2024/06/09 (01:54:39) | ERROR: Stall in Runner thread, restarting!

2024/06/22 (01:00:07) | ===> btop++ v.1.3.2
2024/06/22 (01:00:07) | ERROR: Couldn't determine terminal size of "STDOUT_FILENO"!
2024/06/22 (01:00:07) | ERROR: Couldn't determine terminal size of "/dev/tty"!

2024/06/22 (23:13:12) | ===> btop++ v.1.3.2
2024/06/22 (23:13:12) | ERROR: Couldn't determine terminal size of "STDOUT_FILENO"!

2024/06/24 (13:29:31) | ===> btop++ v.1.3.2
2024/06/24 (13:29:31) | ERROR: Couldn't determine terminal size of "STDOUT_FILENO"!

2024/06/24 (14:28:01) | ===> btop++ v.1.3.2
2024/06/24 (14:28:01) | ERROR: Couldn't determine terminal size of "STDOUT_FILENO"!
2024/06/24 (14:28:01) | ERROR: Couldn't determine terminal size of "/dev/tty"!

2024/06/28 (20:35:57) | ===> btop++ v.1.3.2
2024/06/28 (20:35:57) | ERROR: Couldn't determine terminal size of "STDOUT_FILENO"!
2024/06/28 (20:35:57) | ERROR: Couldn't determine terminal size of "/dev/tty"!

2024/07/05 (18:41:23) | ===> btop++ v.1.3.2
2024/07/05 (18:41:23) | ERROR: Couldn't determine terminal size of "STDOUT_FILENO"!
2024/07/05 (18:41:23) | ERROR: Couldn't determine terminal size of "/dev/tty"!

2024/07/19 (18:38:47) | ===> btop++ v.1.3.2
2024/07/19 (18:38:47) | ERROR: Couldn't determine terminal size of "STDOUT_FILENO"!
2024/07/19 (18:38:47) | ERROR: Couldn't determine terminal size of "/dev/tty"!

2024/07/21 (16:45:50) | ===> btop++ v.1.3.2
2024/07/21 (16:45:50) | ERROR: Couldn't determine terminal size of "STDOUT_FILENO"!
2024/07/21 (16:45:50) | ERROR: Couldn't determine terminal size of "/dev/tty"!

2024/07/21 (16:52:41) | ===> btop++ v.1.3.2
2024/07/21 (16:52:41) | ERROR: Couldn't determine terminal size of "STDOUT_FILENO"!
2024/07/21 (16:52:41) | ERROR: Couldn't determine terminal size of "/dev/tty"!

2024/07/21 (16:53:12) | ===> btop++ v.1.3.2
2024/07/21 (16:53:12) | ERROR: Couldn't determine terminal size of "STDOUT_FILENO"!
2024/07/21 (16:53:12) | ERROR: Couldn't determine terminal size of "/dev/tty"!

2024/07/21 (16:53:31) | ===> btop++ v.1.3.2
2024/07/21 (16:53:31) | ERROR: Couldn't determine terminal size of "STDOUT_FILENO"!
2024/07/21 (16:53:31) | ERROR: Couldn't determine terminal size of "/dev/tty"!

2024/08/16 (13:14:21) | ===> btop++ v.1.3.2
2024/08/16 (13:14:21) | ERROR: Stall in Runner thread, restarting!
2024/08/16 (13:14:27) | ERROR: Stall in Runner thread, restarting!
2024/08/16 (13:14:44) | ERROR: Stall in Runner thread, restarting!
2024/08/16 (13:15:04) | ERROR: Stall in Runner thread, restarting!

2024/08/16 (14:12:47) | ===> btop++ v.1.3.2
2024/08/16 (14:12:47) | ERROR: Stall in Runner thread, restarting!
2024/08/16 (14:12:53) | ERROR: Stall in Runner thread, restarting!
2024/08/16 (14:13:22) | ERROR: Stall in Runner thread, restarting!
2024/08/16 (14:14:37) | ERROR: Exception during Config::unlock() : unordered_map::at

2024/09/22 (23:10:27) | ===> btop++ v.1.3.2
2024/09/22 (23:10:27) | ERROR: No tty detected!
btop++ needs an interactive shell to run.

2024/09/22 (23:52:35) | ===> btop++ v.1.4.0
2024/09/22 (23:52:35) | WARNING: Intel GPU: Failed to initialize PMU

2024/09/23 (22:21:39) | ===> btop++ v.1.4.0
2024/09/23 (22:21:39) | WARNING: Intel GPU: Failed to initialize PMU

2024/09/23 (23:01:17) | ===> btop++ v.1.4.0
2024/09/23 (23:01:17) | WARNING: Intel GPU: Failed to initialize PMU

2024/09/27 (09:08:13) | ===> btop++ v.1.4.0
2024/09/27 (09:08:13) | WARNING: Intel GPU: Failed to initialize PMU

2024/09/27 (20:36:29) | ===> btop++ v.1.4.0
2024/09/27 (20:36:29) | WARNING: Intel GPU: Failed to initialize PMU

2024/09/29 (00:29:08) | ===> btop++ v.1.4.0
2024/09/29 (00:29:08) | WARNING: Intel GPU: Failed to initialize PMU

2024/09/29 (00:32:53) | ===> btop++ v.1.4.0
2024/09/29 (00:32:53) | WARNING: Intel GPU: Failed to initialize PMU

2024/09/29 (04:01:22) | ===> btop++ v.1.4.0
2024/09/29 (04:01:22) | WARNING: Intel GPU: Failed to initialize PMU

2024/09/29 (23:07:04) | ===> btop++ v.1.4.0
2024/09/29 (23:07:04) | WARNING: Intel GPU: Failed to initialize PMU

2024/09/30 (14:07:33) | ===> btop++ v.1.4.0
2024/09/30 (14:07:33) | WARNING: Intel GPU: Failed to initialize PMU

2024/10/02 (20:34:08) | ===> btop++ v.1.4.0
2024/10/02 (20:34:08) | WARNING: Intel GPU: Failed to initialize PMU

2024/10/04 (09:12:11) | ===> btop++ v.1.4.0
2024/10/04 (09:12:11) | WARNING: Intel GPU: Failed to initialize PMU

2024/10/04 (09:12:26) | ===> btop++ v.1.4.0
2024/10/04 (09:12:26) | WARNING: Intel GPU: Failed to initialize PMU
2024/10/04 (09:12:28) | ERROR: Couldn't determine terminal size of "STDOUT_FILENO"!
2024/10/04 (09:12:28) | ERROR: Couldn't determine terminal size of "/dev/tty"!

2024/10/05 (15:00:38) | ===> btop++ v.1.4.0
2024/10/05 (15:00:38) | WARNING: Intel GPU: Failed to initialize PMU

2024/10/12 (23:18:33) | ===> btop++ v.1.4.0
2024/10/12 (23:18:33) | WARNING: Intel GPU: Failed to initialize PMU

2024/10/14 (00:29:00) | ===> btop++ v.1.4.0
2024/10/14 (00:29:00) | WARNING: Intel GPU: Failed to initialize PMU

2024/10/14 (00:42:17) | ===> btop++ v.1.4.0
2024/10/14 (00:42:17) | WARNING: Intel GPU: Failed to initialize PMU

2024/10/14 (14:39:02) | ===> btop++ v.1.4.0
2024/10/14 (14:39:02) | WARNING: Intel GPU: Failed to initialize PMU

2024/10/15 (22:12:37) | ===> btop++ v.1.4.0
2024/10/15 (22:12:37) | WARNING: Intel GPU: Failed to initialize PMU

2024/10/15 (22:19:13) | ===> btop++ v.1.4.0
2024/10/15 (22:19:13) | WARNING: Intel GPU: Failed to initialize PMU

2024/10/16 (22:30:37) | ===> btop++ v.1.4.0
2024/10/16 (22:30:37) | WARNING: Intel GPU: Failed to initialize PMU

2024/10/19 (15:16:42) | ===> btop++ v.1.4.0
2024/10/19 (15:16:42) | WARNING: Intel GPU: Failed to initialize PMU

2024/10/19 (15:16:46) | ===> btop++ v.1.4.0
2024/10/19 (15:16:46) | WARNING: Intel GPU: Failed to initialize PMU

2024/10/19 (15:31:26) | ===> btop++ v.1.4.0
2024/10/19 (15:31:26) | WARNING: Intel GPU: Failed to initialize PMU

2024/10/19 (16:51:31) | ===> btop++ v.1.4.0
2024/10/19 (16:51:31) | WARNING: Intel GPU: Failed to initialize PMU

2024/10/19 (17:59:51) | ===> btop++ v.1.4.0
2024/10/19 (17:59:51) | WARNING: Intel GPU: Failed to initialize PMU

2024/10/19 (18:04:04) | ===> btop++ v.1.4.0
2024/10/19 (18:04:04) | WARNING: Intel GPU: Failed to initialize PMU
2024/10/19 (18:07:47) | ERROR: Couldn't determine terminal size of "STDOUT_FILENO"!
2024/10/19 (18:07:47) | ERROR: Couldn't determine terminal size of "/dev/tty"!

2024/10/19 (18:08:44) | ===> btop++ v.1.4.0
2024/10/19 (18:08:44) | WARNING: Intel GPU: Failed to initialize PMU

2024/11/05 (10:16:32) | ===> btop++ v.1.4.0
2024/11/05 (10:16:32) | WARNING: Intel GPU: Failed to initialize PMU

2024/11/05 (10:40:46) | ===> btop++ v.1.4.0
2024/11/05 (10:40:46) | WARNING: Intel GPU: Failed to initialize PMU

2024/11/05 (10:41:44) | ===> btop++ v.1.4.0
2024/11/05 (10:41:44) | WARNING: Intel GPU: Failed to initialize PMU

2024/11/06 (22:37:40) | ===> btop++ v.1.4.0
2024/11/06 (22:37:40) | WARNING: Intel GPU: Failed to initialize PMU

2024/11/07 (23:04:25) | ===> btop++ v.1.4.0
2024/11/07 (23:04:25) | WARNING: Intel GPU: Failed to initialize PMU

2024/11/07 (23:05:26) | ===> btop++ v.1.4.0
2024/11/07 (23:05:26) | WARNING: Intel GPU: Failed to initialize PMU

2024/11/07 (23:06:08) | ===> btop++ v.1.4.0
2024/11/07 (23:06:08) | WARNING: Intel GPU: Failed to initialize PMU

2024/11/07 (23:07:05) | ===> btop++ v.1.4.0
2024/11/07 (23:07:05) | WARNING: Intel GPU: Failed to initialize PMU

2024/11/07 (23:09:10) | ===> btop++ v.1.4.0
2024/11/07 (23:09:10) | WARNING: Intel GPU: Failed to initialize PMU

2024/11/07 (23:09:43) | ===> btop++ v.1.4.0
2024/11/07 (23:09:43) | WARNING: Intel GPU: Failed to initialize PMU

2024/11/07 (23:09:55) | ===> btop++ v.1.4.0
2024/11/07 (23:09:55) | WARNING: Intel GPU: Failed to initialize PMU

2024/11/07 (23:10:34) | ===> btop++ v.1.4.0
2024/11/07 (23:10:34) | WARNING: Intel GPU: Failed to initialize PMU

2024/11/07 (23:10:48) | ===> btop++ v.1.4.0
2024/11/07 (23:10:48) | WARNING: Intel GPU: Failed to initialize PMU

2024/11/07 (23:11:52) | ===> btop++ v.1.4.0
2024/11/07 (23:11:52) | WARNING: Intel GPU: Failed to initialize PMU

2024/11/07 (23:14:45) | ===> btop++ v.1.4.0
2024/11/07 (23:14:45) | WARNING: Intel GPU: Failed to initialize PMU

2024/11/07 (23:14:48) | ===> btop++ v.1.4.0
2024/11/07 (23:14:48) | WARNING: Intel GPU: Failed to initialize PMU

2024/11/07 (23:14:58) | ===> btop++ v.1.4.0
2024/11/07 (23:14:58) | WARNING: Intel GPU: Failed to initialize PMU

2024/11/07 (23:15:09) | ===> btop++ v.1.4.0
2024/11/07 (23:15:09) | WARNING: Intel GPU: Failed to initialize PMU

2024/11/07 (23:27:27) | ===> btop++ v.1.4.0
2024/11/07 (23:27:27) | WARNING: Intel GPU: Failed to initialize PMU

2024/11/07 (23:30:31) | ===> btop++ v.1.4.0
2024/11/07 (23:30:31) | WARNING: Intel GPU: Failed to initialize PMU

2024/11/07 (23:30:34) | ===> btop++ v.1.4.0
2024/11/07 (23:30:34) | WARNING: Intel GPU: Failed to initialize PMU

2024/11/07 (23:33:18) | ===> btop++ v.1.4.0
2024/11/07 (23:33:18) | WARNING: Intel GPU: Failed to initialize PMU

2024/11/07 (23:33:26) | ===> btop++ v.1.4.0
2024/11/07 (23:33:26) | WARNING: Intel GPU: Failed to initialize PMU

2024/11/07 (23:33:47) | ===> btop++ v.1.4.0
2024/11/07 (23:33:47) | WARNING: Intel GPU: Failed to initialize PMU

2024/11/07 (23:33:52) | ===> btop++ v.1.4.0
2024/11/07 (23:33:52) | WARNING: Intel GPU: Failed to initialize PMU

2024/11/07 (23:33:54) | ===> btop++ v.1.4.0
2024/11/07 (23:33:54) | WARNING: Intel GPU: Failed to initialize PMU

2024/11/07 (23:33:55) | ===> btop++ v.1.4.0
2024/11/07 (23:33:55) | WARNING: Intel GPU: Failed to initialize PMU

2024/11/07 (23:33:56) | ===> btop++ v.1.4.0
2024/11/07 (23:33:56) | WARNING: Intel GPU: Failed to initialize PMU

2024/11/07 (23:33:57) | ===> btop++ v.1.4.0
2024/11/07 (23:33:57) | WARNING: Intel GPU: Failed to initialize PMU

2024/11/07 (23:33:59) | ===> btop++ v.1.4.0
2024/11/07 (23:33:59) | WARNING: Intel GPU: Failed to initialize PMU

2024/11/07 (23:34:00) | ===> btop++ v.1.4.0
2024/11/07 (23:34:00) | WARNING: Intel GPU: Failed to initialize PMU

2024/11/07 (23:34:01) | ===> btop++ v.1.4.0
2024/11/07 (23:34:01) | WARNING: Intel GPU: Failed to initialize PMU

2024/11/07 (23:34:45) | ===> btop++ v.1.4.0
2024/11/07 (23:34:45) | WARNING: Intel GPU: Failed to initialize PMU

2024/11/07 (23:34:47) | ===> btop++ v.1.4.0
2024/11/07 (23:34:47) | WARNING: Intel GPU: Failed to initialize PMU

2024/11/07 (23:34:49) | ===> btop++ v.1.4.0
2024/11/07 (23:34:49) | WARNING: Intel GPU: Failed to initialize PMU

2024/11/07 (23:35:02) | ===> btop++ v.1.4.0
2024/11/07 (23:35:02) | WARNING: Intel GPU: Failed to initialize PMU

2024/11/07 (23:35:18) | ===> btop++ v.1.4.0
2024/11/07 (23:35:18) | WARNING: Intel GPU: Failed to initialize PMU

2024/11/08 (00:37:32) | ===> btop++ v.1.4.0
2024/11/08 (00:37:32) | WARNING: Intel GPU: Failed to initialize PMU

2024/11/08 (00:51:41) | ===> btop++ v.1.4.0
2024/11/08 (00:51:41) | WARNING: Intel GPU: Failed to initialize PMU

2024/11/08 (00:53:15) | ===> btop++ v.1.4.0
2024/11/08 (00:53:15) | WARNING: Intel GPU: Failed to initialize PMU

2024/11/08 (22:09:59) | ===> btop++ v.1.4.0
2024/11/08 (22:09:59) | WARNING: Intel GPU: Failed to initialize PMU

2024/11/08 (22:10:00) | ===> btop++ v.1.4.0
2024/11/08 (22:10:00) | WARNING: Intel GPU: Failed to initialize PMU

2024/11/08 (22:10:15) | ===> btop++ v.1.4.0
2024/11/08 (22:10:15) | WARNING: Intel GPU: Failed to initialize PMU

2024/11/08 (22:17:30) | ===> btop++ v.1.4.0
2024/11/08 (22:17:30) | WARNING: Intel GPU: Failed to initialize PMU

2024/11/08 (22:17:35) | ===> btop++ v.1.4.0
2024/11/08 (22:17:35) | WARNING: Intel GPU: Failed to initialize PMU

2024/11/08 (22:17:38) | ===> btop++ v.1.4.0
2024/11/08 (22:17:38) | WARNING: Intel GPU: Failed to initialize PMU

2024/11/08 (22:17:40) | ===> btop++ v.1.4.0
2024/11/08 (22:17:40) | WARNING: Intel GPU: Failed to initialize PMU

2024/11/08 (22:17:43) | ===> btop++ v.1.4.0
2024/11/08 (22:17:43) | WARNING: Intel GPU: Failed to initialize PMU

2024/11/08 (22:17:46) | ===> btop++ v.1.4.0
2024/11/08 (22:17:46) | WARNING: Intel GPU: Failed to initialize PMU

2024/11/08 (22:19:00) | ===> btop++ v.1.4.0
2024/11/08 (22:19:00) | WARNING: Intel GPU: Failed to initialize PMU

2024/11/08 (22:19:04) | ===> btop++ v.1.4.0
2024/11/08 (22:19:04) | WARNING: Intel GPU: Failed to initialize PMU

2024/11/08 (22:23:22) | ===> btop++ v.1.4.0
2024/11/08 (22:23:22) | WARNING: Intel GPU: Failed to initialize PMU

2024/11/08 (22:23:25) | ===> btop++ v.1.4.0
2024/11/08 (22:23:25) | WARNING: Intel GPU: Failed to initialize PMU

2024/11/08 (22:24:20) | ===> btop++ v.1.4.0
2024/11/08 (22:24:20) | WARNING: Intel GPU: Failed to initialize PMU

2024/11/08 (22:24:23) | ===> btop++ v.1.4.0
2024/11/08 (22:24:23) | WARNING: Intel GPU: Failed to initialize PMU

2024/11/08 (22:25:51) | ===> btop++ v.1.4.0
2024/11/08 (22:25:51) | WARNING: Intel GPU: Failed to initialize PMU

2024/11/08 (22:26:47) | ===> btop++ v.1.4.0
2024/11/08 (22:26:47) | WARNING: Intel GPU: Failed to initialize PMU

2024/11/08 (22:26:58) | ===> btop++ v.1.4.0
2024/11/08 (22:26:58) | WARNING: Intel GPU: Failed to initialize PMU

2024/11/08 (22:27:01) | ===> btop++ v.1.4.0
2024/11/08 (22:27:01) | WARNING: Intel GPU: Failed to initialize PMU

2024/11/08 (22:27:04) | ===> btop++ v.1.4.0
2024/11/08 (22:27:04) | WARNING: Intel GPU: Failed to initialize PMU

2024/11/08 (22:27:10) | ===> btop++ v.1.4.0
2024/11/08 (22:27:10) | WARNING: Intel GPU: Failed to initialize PMU

2024/11/08 (22:27:50) | ===> btop++ v.1.4.0
2024/11/08 (22:27:50) | WARNING: Intel GPU: Failed to initialize PMU

2024/11/08 (22:27:53) | ===> btop++ v.1.4.0
2024/11/08 (22:27:53) | WARNING: Intel GPU: Failed to initialize PMU

2024/11/08 (22:30:25) | ===> btop++ v.1.4.0
2024/11/08 (22:30:25) | WARNING: Intel GPU: Failed to initialize PMU

2024/11/08 (22:30:28) | ===> btop++ v.1.4.0
2024/11/08 (22:30:28) | WARNING: Intel GPU: Failed to initialize PMU

2024/11/08 (22:35:32) | ===> btop++ v.1.4.0
2024/11/08 (22:35:32) | WARNING: Intel GPU: Failed to initialize PMU

2024/11/08 (22:42:39) | ===> btop++ v.1.4.0
2024/11/08 (22:42:39) | WARNING: Intel GPU: Failed to initialize PMU

2024/11/08 (22:42:44) | ===> btop++ v.1.4.0
2024/11/08 (22:42:44) | WARNING: Intel GPU: Failed to initialize PMU

2024/11/08 (22:42:48) | ===> btop++ v.1.4.0
2024/11/08 (22:42:48) | WARNING: Intel GPU: Failed to initialize PMU

2024/11/08 (22:45:42) | ===> btop++ v.1.4.0
2024/11/08 (22:45:42) | WARNING: Intel GPU: Failed to initialize PMU

2024/11/08 (22:45:46) | ===> btop++ v.1.4.0
2024/11/08 (22:45:46) | WARNING: Intel GPU: Failed to initialize PMU

2024/11/08 (22:45:51) | ===> btop++ v.1.4.0
2024/11/08 (22:45:51) | WARNING: Intel GPU: Failed to initialize PMU

2024/11/08 (22:45:54) | ===> btop++ v.1.4.0
2024/11/08 (22:45:54) | WARNING: Intel GPU: Failed to initialize PMU

2024/11/08 (22:45:58) | ===> btop++ v.1.4.0
2024/11/08 (22:45:58) | WARNING: Intel GPU: Failed to initialize PMU

2024/11/08 (22:46:20) | ===> btop++ v.1.4.0
2024/11/08 (22:46:20) | WARNING: Intel GPU: Failed to initialize PMU

2024/11/08 (22:46:24) | ===> btop++ v.1.4.0
2024/11/08 (22:46:24) | WARNING: Intel GPU: Failed to initialize PMU

2024/11/08 (22:46:28) | ===> btop++ v.1.4.0
2024/11/08 (22:46:28) | WARNING: Intel GPU: Failed to initialize PMU

2024/11/08 (22:46:32) | ===> btop++ v.1.4.0
2024/11/08 (22:46:32) | WARNING: Intel GPU: Failed to initialize PMU

2024/11/08 (22:46:36) | ===> btop++ v.1.4.0
2024/11/08 (22:46:36) | WARNING: Intel GPU: Failed to initialize PMU

2024/11/08 (22:46:39) | ===> btop++ v.1.4.0
2024/11/08 (22:46:39) | WARNING: Intel GPU: Failed to initialize PMU

2024/11/08 (22:46:43) | ===> btop++ v.1.4.0
2024/11/08 (22:46:43) | WARNING: Intel GPU: Failed to initialize PMU

2024/11/08 (22:46:47) | ===> btop++ v.1.4.0
2024/11/08 (22:46:47) | WARNING: Intel GPU: Failed to initialize PMU

2024/11/08 (22:50:09) | ===> btop++ v.1.4.0
2024/11/08 (22:50:09) | WARNING: Intel GPU: Failed to initialize PMU

2024/11/08 (22:50:14) | ===> btop++ v.1.4.0
2024/11/08 (22:50:14) | WARNING: Intel GPU: Failed to initialize PMU

2024/11/08 (22:57:50) | ===> btop++ v.1.4.0
2024/11/08 (22:57:50) | WARNING: Intel GPU: Failed to initialize PMU

2024/11/08 (22:57:56) | ===> btop++ v.1.4.0
2024/11/08 (22:57:56) | WARNING: Intel GPU: Failed to initialize PMU

2024/11/08 (22:58:00) | ===> btop++ v.1.4.0
2024/11/08 (22:58:00) | WARNING: Intel GPU: Failed to initialize PMU

2024/11/08 (22:58:17) | ===> btop++ v.1.4.0
2024/11/08 (22:58:17) | WARNING: Intel GPU: Failed to initialize PMU

2024/11/08 (22:58:20) | ===> btop++ v.1.4.0
2024/11/08 (22:58:20) | WARNING: Intel GPU: Failed to initialize PMU

2024/11/08 (22:58:23) | ===> btop++ v.1.4.0
2024/11/08 (22:58:23) | WARNING: Intel GPU: Failed to initialize PMU

2024/11/08 (22:58:31) | ===> btop++ v.1.4.0
2024/11/08 (22:58:31) | WARNING: Intel GPU: Failed to initialize PMU

2024/11/08 (23:00:42) | ===> btop++ v.1.4.0
2024/11/08 (23:00:42) | WARNING: Intel GPU: Failed to initialize PMU

2024/11/08 (23:00:57) | ===> btop++ v.1.4.0
2024/11/08 (23:00:57) | WARNING: Intel GPU: Failed to initialize PMU

2024/11/08 (23:00:59) | ===> btop++ v.1.4.0
2024/11/08 (23:00:59) | WARNING: Intel GPU: Failed to initialize PMU

2024/11/08 (23:03:44) | ===> btop++ v.1.4.0
2024/11/08 (23:03:44) | WARNING: Intel GPU: Failed to initialize PMU

2024/11/08 (23:03:50) | ===> btop++ v.1.4.0
2024/11/08 (23:03:50) | WARNING: Intel GPU: Failed to initialize PMU

2024/11/08 (23:05:28) | ===> btop++ v.1.4.0
2024/11/08 (23:05:28) | WARNING: Intel GPU: Failed to initialize PMU

2024/11/08 (23:05:31) | ===> btop++ v.1.4.0
2024/11/08 (23:05:31) | WARNING: Intel GPU: Failed to initialize PMU

2024/11/08 (23:05:33) | ===> btop++ v.1.4.0
2024/11/08 (23:05:33) | WARNING: Intel GPU: Failed to initialize PMU

2024/11/08 (23:05:37) | ===> btop++ v.1.4.0
2024/11/08 (23:05:37) | WARNING: Intel GPU: Failed to initialize PMU

2024/11/08 (23:05:39) | ===> btop++ v.1.4.0
2024/11/08 (23:05:39) | WARNING: Intel GPU: Failed to initialize PMU

2024/11/08 (23:54:34) | ===> btop++ v.1.4.0
2024/11/08 (23:54:34) | WARNING: Intel GPU: Failed to initialize PMU

2024/11/08 (23:55:16) | ===> btop++ v.1.4.0
2024/11/08 (23:55:16) | WARNING: Intel GPU: Failed to initialize PMU

2024/11/08 (23:56:15) | ===> btop++ v.1.4.0
2024/11/08 (23:56:15) | WARNING: Intel GPU: Failed to initialize PMU

2024/11/09 (17:39:45) | ===> btop++ v.1.4.0
2024/11/09 (17:39:45) | WARNING: Intel GPU: Failed to initialize PMU

2024/11/10 (13:23:19) | ===> btop++ v.1.4.0
2024/11/10 (13:23:19) | WARNING: Intel GPU: Failed to initialize PMU

2024/11/12 (12:54:56) | ===> btop++ v.1.4.0
2024/11/12 (12:54:56) | WARNING: Intel GPU: Failed to initialize PMU

2024/11/14 (20:39:38) | ===> btop++ v.1.4.0
2024/11/14 (20:39:38) | WARNING: Intel GPU: Failed to initialize PMU

2024/11/14 (20:40:50) | ===> btop++ v.1.4.0
2024/11/14 (20:40:50) | WARNING: Intel GPU: Failed to initialize PMU

2024/11/14 (23:33:44) | ===> btop++ v.1.4.0
2024/11/14 (23:33:44) | WARNING: Intel GPU: Failed to initialize PMU

2024/11/15 (14:18:01) | ===> btop++ v.1.4.0
2024/11/15 (14:18:01) | WARNING: Intel GPU: Failed to initialize PMU

2024/11/15 (19:44:37) | ===> btop++ v.1.4.0
2024/11/15 (19:44:37) | WARNING: Intel GPU: Failed to initialize PMU

2024/11/16 (12:34:48) | ===> btop++ v.1.4.0
2024/11/16 (12:34:48) | WARNING: Intel GPU: Failed to initialize PMU

2024/11/17 (15:12:07) | ===> btop++ v.1.4.0
2024/11/17 (15:12:07) | WARNING: Intel GPU: Failed to initialize PMU

2024/11/17 (18:02:43) | ===> btop++ v.1.4.0
2024/11/17 (18:02:43) | WARNING: Intel GPU: Failed to initialize PMU

2024/11/18 (00:31:39) | ===> btop++ v.1.4.0
2024/11/18 (00:31:39) | WARNING: Intel GPU: Failed to initialize PMU

2024/11/19 (15:56:47) | ===> btop++ v.1.4.0
2024/11/19 (15:56:47) | ERROR: No tty detected!
btop++ needs an interactive shell to run.

2024/11/19 (15:56:52) | ===> btop++ v.1.4.0
2024/11/19 (15:56:52) | WARNING: Intel GPU: Failed to initialize PMU

2024/11/19 (16:25:55) | ===> btop++ v.1.4.0
2024/11/19 (16:25:55) | WARNING: Intel GPU: Failed to initialize PMU

2024/11/19 (16:30:42) | ===> btop++ v.1.4.0
2024/11/19 (16:30:42) | WARNING: Intel GPU: Failed to initialize PMU

2024/11/19 (16:31:08) | ===> btop++ v.1.4.0
2024/11/19 (16:31:08) | WARNING: Intel GPU: Failed to initialize PMU

2024/11/19 (16:32:45) | ===> btop++ v.1.4.0
2024/11/19 (16:32:45) | WARNING: Intel GPU: Failed to initialize PMU

2024/11/19 (18:06:13) | ===> btop++ v.1.4.0
2024/11/19 (18:06:13) | WARNING: Intel GPU: Failed to initialize PMU

2024/11/19 (23:22:43) | ===> btop++ v.1.4.0
2024/11/19 (23:22:43) | WARNING: Intel GPU: Failed to initialize PMU

2024/11/24 (11:54:37) | ===> btop++ v.1.4.0
2024/11/24 (11:54:37) | WARNING: Intel GPU: Failed to initialize PMU

2024/11/25 (15:59:14) | ===> btop++ v.1.4.0
2024/11/25 (15:59:14) | WARNING: Intel GPU: Failed to initialize PMU

2024/11/26 (20:16:09) | ===> btop++ v.1.4.0
2024/11/26 (20:16:09) | WARNING: Intel GPU: Failed to initialize PMU

2024/11/26 (20:16:14) | ===> btop++ v.1.4.0
2024/11/26 (20:16:14) | WARNING: Intel GPU: Failed to initialize PMU

2024/11/26 (20:36:12) | ===> btop++ v.1.4.0
2024/11/26 (20:36:12) | WARNING: Intel GPU: Failed to initialize PMU

2024/11/26 (22:10:37) | ===> btop++ v.1.4.0
2024/11/26 (22:10:37) | WARNING: Intel GPU: Failed to initialize PMU

2024/11/28 (11:39:00) | ===> btop++ v.1.4.0
2024/11/28 (11:39:00) | WARNING: Intel GPU: Failed to initialize PMU

2024/12/01 (22:46:45) | ===> btop++ v.1.4.0
2024/12/01 (22:46:45) | WARNING: Intel GPU: Failed to initialize PMU

2024/12/03 (14:25:11) | ===> btop++ v.1.4.0
2024/12/03 (14:25:11) | WARNING: Intel GPU: Failed to initialize PMU

2024/12/13 (21:39:53) | ===> btop++ v.1.4.0
2024/12/13 (21:39:53) | WARNING: Intel GPU: Failed to initialize PMU

2024/12/15 (17:13:52) | ===> btop++ v.1.4.0
2024/12/15 (17:13:52) | WARNING: Intel GPU: Failed to initialize PMU

2024/12/20 (11:19:42) | ===> btop++ v.1.4.0
2024/12/20 (11:19:42) | WARNING: Intel GPU: Failed to initialize PMU

2024/12/20 (15:56:55) | ===> btop++ v.1.4.0
2024/12/20 (15:56:55) | WARNING: Intel GPU: Failed to initialize PMU

2025/01/04 (13:45:01) | ===> btop++ v.1.4.0
2025/01/04 (13:45:01) | WARNING: Intel GPU: Failed to initialize PMU

2025/01/04 (14:45:07) | ===> btop++ v.1.4.0
2025/01/04 (14:45:07) | WARNING: Intel GPU: Failed to initialize PMU

2025/01/08 (10:09:07) | ===> btop++ v.1.4.0
2025/01/08 (10:09:07) | WARNING: Intel GPU: Failed to initialize PMU

2025/01/08 (14:39:29) | ===> btop++ v.1.4.0
2025/01/08 (14:39:29) | WARNING: Intel GPU: Failed to initialize PMU

2025/01/10 (08:51:00) | ===> btop++ v.1.4.0
2025/01/10 (08:51:00) | WARNING: Intel GPU: Failed to initialize PMU

2025/01/10 (19:38:39) | ===> btop++ v.1.4.0
2025/01/10 (19:38:39) | WARNING: Intel GPU: Failed to initialize PMU

2025/01/13 (10:45:50) | ===> btop++ v.1.4.0
2025/01/13 (10:45:50) | WARNING: Intel GPU: Failed to initialize PMU

2025/01/14 (11:00:24) | ===> btop++ v.1.4.0
2025/01/14 (11:00:24) | WARNING: Intel GPU: Failed to initialize PMU

2025/01/14 (21:50:18) | ===> btop++ v.1.4.0
2025/01/14 (21:50:18) | WARNING: Intel GPU: Failed to initialize PMU

2025/01/21 (12:52:25) | ===> btop++ v.1.4.0
2025/01/21 (12:52:25) | WARNING: Intel GPU: Failed to initialize PMU

2025/01/29 (14:40:22) | ===> btop++ v.1.4.0
2025/01/29 (14:40:22) | WARNING: Intel GPU: Failed to initialize PMU

2025/02/05 (13:34:54) | ===> btop++ v.1.4.0
2025/02/05 (13:34:54) | WARNING: Intel GPU: Failed to initialize PMU

2025/02/07 (13:16:23) | ===> btop++ v.1.4.0
2025/02/07 (13:16:23) | WARNING: Intel GPU: Failed to initialize PMU

2025/02/07 (13:20:53) | ===> btop++ v.1.4.0
2025/02/07 (13:20:53) | WARNING: Intel GPU: Failed to initialize PMU

2025/02/07 (13:22:20) | ===> btop++ v.1.4.0
2025/02/07 (13:22:20) | WARNING: Intel GPU: Failed to initialize PMU

2025/02/07 (13:27:32) | ===> btop++ v.1.4.0
2025/02/07 (13:27:32) | WARNING: Intel GPU: Failed to initialize PMU

2025/02/11 (09:27:47) | ===> btop++ v.1.4.0
2025/02/11 (09:27:47) | WARNING: Intel GPU: Failed to initialize PMU

2025/02/11 (09:32:07) | ===> btop++ v.1.4.0
2025/02/11 (09:32:07) | WARNING: Intel GPU: Failed to initialize PMU

2025/02/21 (20:35:16) | ===> btop++ v.1.4.0
2025/02/21 (20:35:16) | WARNING: Intel GPU: Failed to initialize PMU

2025/02/23 (20:14:39) | ===> btop++ v.1.4.0
2025/02/23 (20:14:39) | WARNING: Intel GPU: Failed to initialize PMU

2025/02/24 (13:35:17) | ===> btop++ v.1.4.0
2025/02/24 (13:35:17) | WARNING: Intel GPU: Failed to initialize PMU

2025/03/03 (00:18:36) | ===> btop++ v.1.4.0
2025/03/03 (00:18:36) | WARNING: Intel GPU: Failed to initialize PMU

2025/03/03 (00:21:26) | ===> btop++ v.1.4.0
2025/03/03 (00:21:26) | WARNING: Intel GPU: Failed to initialize PMU

2025/03/05 (10:47:32) | ===> btop++ v.1.4.0
2025/03/05 (10:47:32) | WARNING: Intel GPU: Failed to initialize PMU

2025/03/08 (19:58:56) | ===> btop++ v.1.4.0
2025/03/08 (19:58:56) | WARNING: Intel GPU: Failed to initialize PMU

2025/03/24 (00:20:39) | ===> btop++ v.1.4.0
2025/03/24 (00:20:39) | WARNING: Intel GPU: Failed to initialize PMU

2025/04/01 (14:11:50) | ===> btop++ v.1.4.0
2025/04/01 (14:11:50) | WARNING: Intel GPU: Failed to initialize PMU

2025/04/03 (14:18:27) | ===> btop++ v.1.4.0
2025/04/03 (14:18:27) | WARNING: Intel GPU: Failed to initialize PMU

2025/04/09 (10:25:55) | ===> btop++ v.1.4.0
2025/04/09 (10:25:55) | WARNING: Intel GPU: Failed to initialize PMU

2025/04/10 (14:01:32) | ===> btop++ v.1.4.0
2025/04/10 (14:01:32) | WARNING: Intel GPU: Failed to initialize PMU

2025/04/10 (15:24:55) | ===> btop++ v.1.4.0
2025/04/10 (15:24:55) | WARNING: Intel GPU: Failed to initialize PMU

2025/04/16 (10:27:49) | ===> btop++ v.1.4.0
2025/04/16 (10:27:49) | WARNING: Intel GPU: Failed to initialize PMU

2025/04/16 (11:00:49) | ===> btop++ v.1.4.0
2025/04/16 (11:00:49) | WARNING: Intel GPU: Failed to initialize PMU

2025/04/18 (19:01:21) | ===> btop++ v.1.4.0
2025/04/18 (19:01:21) | WARNING: Intel GPU: Failed to initialize PMU

2025/04/21 (18:36:16) | ===> btop++ v.1.4.0
2025/04/21 (18:36:16) | WARNING: Intel GPU: Failed to initialize PMU

2025/04/22 (13:03:42) | ===> btop++ v.1.4.0
2025/04/22 (13:03:42) | WARNING: Intel GPU: Failed to initialize PMU

2025/04/23 (13:41:09) | ===> btop++ v.1.4.0
2025/04/23 (13:41:09) | WARNING: Intel GPU: Failed to initialize PMU

2025/04/27 (18:43:26) | ===> btop++ v.1.4.0
2025/04/27 (18:43:26) | WARNING: Intel GPU: Failed to initialize PMU

2025/04/29 (12:52:00) | ===> btop++ v.1.4.0
2025/04/29 (12:52:00) | WARNING: Intel GPU: Failed to initialize PMU

2025/04/29 (15:00:10) | ===> btop++ v.1.4.0
2025/04/29 (15:00:10) | WARNING: Intel GPU: Failed to initialize PMU

2025/05/01 (12:57:53) | ===> btop++ v.1.4.0
2025/05/01 (12:57:53) | WARNING: Intel GPU: Failed to initialize PMU

2025/05/01 (12:58:43) | ===> btop++ v.1.4.0
2025/05/01 (12:58:43) | WARNING: Intel GPU: Failed to initialize PMU

2025/05/01 (12:58:43) | ===> btop++ v.1.4.0
2025/05/01 (12:58:43) | WARNING: Intel GPU: Failed to initialize PMU

2025/05/01 (12:58:43) | ===> btop++ v.1.4.0
2025/05/01 (12:58:43) | WARNING: Intel GPU: Failed to initialize PMU

2025/05/01 (12:58:43) | ===> btop++ v.1.4.0
2025/05/01 (12:58:43) | WARNING: Intel GPU: Failed to initialize PMU

2025/05/01 (12:58:43) | ===> btop++ v.1.4.0
2025/05/01 (12:58:43) | WARNING: Intel GPU: Failed to initialize PMU

2025/05/01 (12:58:43) | ===> btop++ v.1.4.0
2025/05/01 (12:58:43) | WARNING: Intel GPU: Failed to initialize PMU
